{
  "Cucumber Features": {
    "coverage": {
      "/home/linux/Documents/groupProject/where-can-i-watch-it/features/step_definitions/comment.rb": [
        1,
        1,
        1,
        null,
        1,
        1,
        null,
        0,
        null,
        1,
        0,
        0,
        0,
        0,
        null,
        1,
        0,
        0,
        null,
        1,
        0,
        null,
        0,
        0,
        0,
        0,
        0,
        null,
        1,
        2,
        2,
        null,
        1,
        0,
        null,
        null,
        null,
        1,
        null,
        null,
        null,
        1,
        1,
        1,
        1,
        1,
        1,
        1,
        1,
        1,
        null,
        1,
        1,
        null,
        1,
        1,
        null,
        null,
        null,
        null,
        1,
        1,
        1,
        1,
        1,
        1,
        1,
        1,
        1,
        1,
        null,
        1,
        1,
        1,
        null,
        1,
        1,
        null,
        null,
        null,
        1,
        1,
        1,
        1,
        1,
        1,
        1,
        1,
        1,
        null,
        1,
        1,
        null,
        1,
        1,
        1,
        null,
        null
      ],
      "/home/linux/Documents/groupProject/where-can-i-watch-it/features/step_definitions/favorites.rb": [
        1,
        1,
        1,
        null,
        1,
        null,
        1,
        null,
        0,
        null,
        null,
        1,
        0,
        0,
        0,
        0,
        null,
        1,
        0,
        0,
        null,
        1,
        0,
        null,
        0,
        0,
        0,
        0,
        0,
        null,
        1,
        0,
        null,
        null,
        null,
        1,
        null,
        null,
        1,
        1,
        1,
        null,
        1,
        1,
        1,
        1,
        1,
        null,
        1,
        1,
        null,
        1,
        1,
        null,
        null,
        null,
        1,
        1,
        null,
        1,
        1,
        1,
        1,
        1,
        1,
        1,
        null,
        1,
        1,
        null,
        null,
        null,
        null,
        1,
        1,
        1,
        1,
        1,
        1,
        1,
        null,
        1,
        1,
        1,
        1,
        null,
        1,
        1,
        1,
        null,
        1,
        1,
        null,
        null,
        null,
        1,
        1,
        1,
        1,
        1,
        1,
        0,
        null,
        1,
        0,
        0,
        0,
        0,
        null,
        1,
        0,
        null,
        null,
        null,
        1,
        1,
        1,
        1,
        null,
        1,
        1,
        0,
        null,
        1,
        0,
        null
      ],
      "/home/linux/Documents/groupProject/where-can-i-watch-it/features/step_definitions/filter.rb": [
        1,
        1,
        1,
        null,
        1,
        null,
        1,
        0,
        null,
        null,
        null,
        null,
        1,
        null,
        null,
        1,
        1,
        1,
        null,
        1,
        1,
        1,
        null,
        1,
        1,
        1,
        1,
        null,
        null,
        null,
        1,
        1,
        null,
        1,
        1,
        0,
        0,
        null,
        1,
        0,
        0,
        0,
        0,
        null,
        null
      ],
      "/home/linux/Documents/groupProject/where-can-i-watch-it/features/step_definitions/login.rb": [
        1,
        1,
        1,
        null,
        1,
        null,
        1,
        null,
        0,
        null,
        1,
        0,
        null,
        null,
        null,
        null,
        null,
        null,
        null,
        null,
        null,
        null,
        null,
        null,
        1,
        0,
        0,
        null,
        1,
        0,
        null,
        0,
        0,
        0,
        0,
        0,
        null,
        1,
        0,
        0,
        0,
        0,
        null,
        null,
        null,
        1,
        null,
        null,
        null,
        null,
        1,
        1,
        1,
        null,
        1,
        1,
        null,
        1,
        1,
        null,
        null,
        null,
        1,
        1,
        1,
        1,
        null,
        1,
        1,
        1,
        null,
        1,
        1,
        null,
        null,
        null,
        1,
        1,
        1,
        null,
        1,
        1,
        1,
        null,
        1,
        1,
        null,
        1,
        1,
        null,
        null,
        null,
        1,
        1,
        1,
        1,
        null,
        null,
        1,
        1,
        1,
        null,
        1,
        1,
        null,
        1,
        1,
        null,
        null,
        null,
        1,
        1,
        null,
        1,
        1,
        null,
        1,
        1,
        null,
        1,
        1,
        null
      ],
      "/home/linux/Documents/groupProject/where-can-i-watch-it/features/step_definitions/newmovies.rb": [
        1,
        1,
        1,
        null,
        1,
        null,
        1,
        0,
        null,
        null,
        null,
        null,
        1,
        null,
        null,
        1,
        1,
        1,
        null,
        1,
        1,
        null,
        1,
        1,
        null,
        null,
        null,
        null,
        1,
        1,
        null,
        1,
        1,
        null,
        1,
        1,
        null
      ],
      "/home/linux/Documents/groupProject/where-can-i-watch-it/features/step_definitions/popularmovies.rb": [
        1,
        1,
        1,
        null,
        1,
        1,
        null,
        13,
        null,
        1,
        9,
        null,
        1,
        9,
        9,
        null,
        1,
        9,
        null,
        9,
        9,
        9,
        9,
        9,
        null,
        1,
        1,
        1,
        1,
        1,
        null,
        1,
        7,
        null,
        null,
        null,
        null,
        1,
        null,
        null,
        1,
        1,
        1,
        1,
        1,
        1,
        1,
        1,
        1,
        null,
        1,
        1,
        1,
        null,
        1,
        1,
        null,
        null,
        null,
        1,
        1,
        null,
        1,
        1,
        1,
        null,
        1,
        1,
        null
      ],
      "/home/linux/Documents/groupProject/where-can-i-watch-it/features/step_definitions/search.rb": [
        1,
        1,
        1,
        null,
        1,
        1,
        null,
        null,
        1,
        0,
        null,
        null,
        1,
        1,
        null,
        null,
        null,
        null,
        null,
        1,
        1,
        0,
        null,
        null,
        null,
        null,
        null,
        1,
        null,
        null,
        null,
        null,
        null,
        null,
        1,
        null,
        null,
        null,
        null,
        null,
        1,
        null,
        null,
        null,
        null,
        null,
        1,
        1,
        1,
        null,
        1,
        null,
        1,
        null
      ],
      "/home/linux/Documents/groupProject/where-can-i-watch-it/features/step_definitions/stepdefs.rb": [
        1,
        1,
        1,
        null,
        1,
        1,
        null,
        null,
        1,
        null,
        1,
        1,
        null,
        1,
        1,
        null,
        null,
        1,
        1,
        null,
        null,
        null,
        1,
        1,
        null,
        1,
        1,
        null,
        1,
        1,
        null
      ],
      "/home/linux/Documents/groupProject/where-can-i-watch-it/db/seeds.rb": [
        null,
        null,
        null,
        null,
        null,
        null,
        null,
        null,
        1,
        null,
        null,
        null,
        null,
        null,
        null,
        null,
        null,
        null,
        null,
        null,
        null,
        null,
        null,
        null,
        null,
        null,
        null,
        null,
        null,
        null,
        null,
        null,
        null,
        null,
        null,
        1,
        24,
        null
      ],
      "/home/linux/Documents/groupProject/where-can-i-watch-it/app/models/movie.rb": [
        null,
        1,
        1,
        1,
        30,
        78,
        30,
        null,
        null,
        1,
        30,
        0,
        0,
        0,
        0,
        null,
        0,
        null,
        null,
        null,
        null
      ],
      "/home/linux/Documents/groupProject/where-can-i-watch-it/app/controllers/application_controller.rb": [
        1,
        null,
        null,
        1,
        null
      ],
      "/home/linux/Documents/groupProject/where-can-i-watch-it/app/helpers/application_helper.rb": [
        1,
        1,
        0,
        null,
        null
      ],
      "/home/linux/Documents/groupProject/where-can-i-watch-it/app/helpers/comments_helper.rb": [
        1,
        null
      ],
      "/home/linux/Documents/groupProject/where-can-i-watch-it/app/helpers/movies_helper.rb": [
        1,
        null,
        1,
        0,
        null,
        null
      ],
      "/home/linux/Documents/groupProject/where-can-i-watch-it/app/controllers/movies_controller.rb": [
        1,
        null,
        1,
        0,
        null,
        null,
        1,
        10,
        0,
        null,
        null,
        10,
        10,
        10,
        10,
        null,
        null,
        null,
        null,
        1,
        null,
        30,
        0,
        0,
        0,
        0,
        null,
        null,
        null,
        30,
        30,
        30,
        null,
        30,
        0,
        0,
        30,
        0,
        null,
        null,
        30,
        null,
        null,
        null,
        30,
        1,
        1,
        29,
        0,
        0,
        null,
        29,
        null,
        null,
        30,
        0,
        0,
        null,
        null,
        null,
        30,
        1,
        null,
        29,
        null,
        null,
        30,
        0,
        null,
        null,
        30,
        29,
        null,
        null,
        30,
        null,
        null,
        null,
        1,
        null,
        null,
        null,
        1,
        0,
        0,
        0,
        null,
        null,
        1,
        0,
        null,
        null,
        1,
        0,
        0,
        0,
        0,
        null,
        null,
        1,
        0,
        0,
        0,
        0,
        null,
        null,
        1,
        null,
        2,
        0,
        null,
        null,
        2,
        null,
        2,
        null,
        null,
        1,
        null,
        2,
        0,
        null,
        null,
        2,
        null,
        2,
        null,
        2,
        null,
        null,
        null,
        1,
        30,
        null,
        null,
        null
      ],
      "/home/linux/Documents/groupProject/where-can-i-watch-it/app/models/comment.rb": [
        1,
        1,
        1,
        1,
        null
      ],
      "/home/linux/Documents/groupProject/where-can-i-watch-it/app/models/favorite.rb": [
        1,
        1,
        1,
        null
      ],
      "/home/linux/Documents/groupProject/where-can-i-watch-it/app/controllers/comments_controller.rb": [
        1,
        1,
        2,
        2,
        2,
        null,
        2,
        null,
        2,
        null,
        null,
        1,
        2,
        null,
        null,
        1,
        1,
        1,
        1,
        1,
        1,
        null,
        null
      ],
      "/home/linux/Documents/groupProject/where-can-i-watch-it/app/controllers/favorite_movies_controller.rb": [
        1,
        null,
        null,
        1,
        2,
        2,
        2,
        2,
        2,
        null,
        0,
        null,
        null,
        null,
        1,
        0,
        0,
        0,
        0,
        0,
        null,
        null,
        1,
        null,
        1,
        0,
        null,
        null,
        1,
        null,
        null,
        null
      ]
    },
    "timestamp": 1557106033
  },
  "RSpec": {
    "coverage": {
      "/home/linux/Documents/groupProject/where-can-i-watch-it/spec/controllers/comments_controller_spec.rb": [
        1,
        null,
        1,
        1,
        1,
        1,
        1,
        null,
        null,
        1,
        1,
        1,
        null,
        null,
        1,
        1,
        1,
        null,
        null,
        null
      ],
      "/home/linux/Documents/groupProject/where-can-i-watch-it/spec/rails_helper.rb": [
        null,
        1,
        1,
        null,
        1,
        1,
        1,
        null,
        null,
        null,
        null,
        null,
        null,
        null,
        null,
        null,
        null,
        null,
        null,
        null,
        null,
        null,
        null,
        null,
        null,
        null,
        1,
        null,
        1,
        null,
        1,
        null,
        null,
        null,
        null,
        1,
        null,
        null,
        null,
        null,
        null,
        null,
        null,
        null,
        null,
        null,
        null,
        null,
        null,
        null,
        1,
        null
      ],
      "/home/linux/Documents/groupProject/where-can-i-watch-it/config/environment.rb": [
        null,
        1,
        null,
        null,
        1
      ],
      "/home/linux/Documents/groupProject/where-can-i-watch-it/config/application.rb": [
        1,
        null,
        1,
        null,
        null,
        null,
        1,
        null,
        1,
        1,
        null,
        null,
        null,
        null,
        null,
        null,
        null,
        null,
        null,
        null,
        null,
        null,
        null,
        1,
        null,
        null
      ],
      "/home/linux/Documents/groupProject/where-can-i-watch-it/config/boot.rb": [
        1,
        null,
        1
      ],
      "/home/linux/Documents/groupProject/where-can-i-watch-it/config/environments/test.rb": [
        1,
        null,
        null,
        null,
        null,
        null,
        null,
        1,
        null,
        null,
        null,
        null,
        1,
        null,
        null,
        1,
        1,
        null,
        null,
        1,
        1,
        null,
        null,
        1,
        null,
        null,
        1,
        null,
        null,
        null,
        null,
        1,
        null,
        null,
        1,
        null,
        null,
        1,
        null,
        null,
        null,
        null
      ],
      "/home/linux/Documents/groupProject/where-can-i-watch-it/config/initializers/assets.rb": [
        null,
        null,
        null,
        1,
        null,
        null,
        null,
        null,
        null,
        null,
        null,
        1
      ],
      "/home/linux/Documents/groupProject/where-can-i-watch-it/config/initializers/backtrace_silencers.rb": [
        null,
        null,
        null,
        null,
        null,
        null,
        null
      ],
      "/home/linux/Documents/groupProject/where-can-i-watch-it/config/initializers/cookies_serializer.rb": [
        null,
        null,
        1
      ],
      "/home/linux/Documents/groupProject/where-can-i-watch-it/config/initializers/devise.rb": [
        null,
        null,
        null,
        null,
        1,
        null,
        null,
        null,
        null,
        null,
        null,
        1,
        null,
        null,
        null,
        null,
        null,
        null,
        null,
        null,
        null,
        1,
        null,
        null,
        null,
        null,
        null,
        null,
        null,
        null,
        null,
        null,
        null,
        1,
        null,
        null,
        null,
        null,
        null,
        null,
        null,
        null,
        null,
        null,
        null,
        null,
        null,
        null,
        null,
        null,
        null,
        null,
        null,
        null,
        null,
        1,
        null,
        null,
        null,
        null,
        1,
        null,
        null,
        null,
        null,
        null,
        null,
        null,
        null,
        null,
        null,
        null,
        null,
        null,
        null,
        null,
        null,
        null,
        null,
        null,
        null,
        null,
        null,
        null,
        null,
        null,
        null,
        null,
        null,
        null,
        null,
        1,
        null,
        null,
        null,
        null,
        null,
        null,
        null,
        null,
        null,
        null,
        null,
        null,
        null,
        null,
        null,
        null,
        null,
        null,
        null,
        null,
        null,
        null,
        1,
        null,
        null,
        null,
        null,
        null,
        null,
        null,
        null,
        null,
        null,
        null,
        null,
        null,
        null,
        null,
        null,
        null,
        null,
        null,
        null,
        null,
        null,
        null,
        null,
        null,
        null,
        null,
        null,
        null,
        null,
        null,
        null,
        null,
        1,
        null,
        null,
        null,
        null,
        null,
        null,
        null,
        null,
        null,
        1,
        null,
        null,
        null,
        null,
        null,
        null,
        null,
        null,
        null,
        null,
        1,
        null,
        null,
        null,
        null,
        1,
        null,
        null,
        null,
        null,
        null,
        null,
        null,
        null,
        null,
        null,
        null,
        null,
        null,
        null,
        null,
        null,
        null,
        null,
        null,
        null,
        null,
        null,
        null,
        null,
        null,
        null,
        null,
        null,
        null,
        null,
        null,
        null,
        null,
        null,
        null,
        null,
        null,
        null,
        null,
        null,
        1,
        null,
        null,
        null,
        null,
        null,
        null,
        null,
        null,
        null,
        null,
        null,
        null,
        null,
        null,
        null,
        null,
        null,
        null,
        null,
        null,
        null,
        null,
        null,
        null,
        null,
        null,
        null,
        null,
        null,
        null,
        null,
        null,
        null,
        null,
        null,
        null,
        null,
        null,
        null,
        null,
        null,
        1,
        null,
        null,
        null,
        null,
        null,
        null,
        null,
        null,
        null,
        null,
        null,
        null,
        null,
        null,
        null,
        null,
        null,
        null,
        null,
        null,
        null,
        null,
        null,
        null,
        null,
        null,
        null,
        null,
        null,
        null,
        null,
        null,
        null,
        null,
        null,
        null,
        null,
        null,
        null,
        null,
        null,
        null
      ],
      "/home/linux/Documents/groupProject/where-can-i-watch-it/config/initializers/filter_parameter_logging.rb": [
        null,
        null,
        null,
        1
      ],
      "/home/linux/Documents/groupProject/where-can-i-watch-it/config/initializers/inflections.rb": [
        null,
        null,
        null,
        null,
        null,
        null,
        null,
        null,
        null,
        null,
        null,
        null,
        null,
        null,
        null,
        null
      ],
      "/home/linux/Documents/groupProject/where-can-i-watch-it/config/initializers/mime_types.rb": [
        null,
        null,
        null,
        null
      ],
      "/home/linux/Documents/groupProject/where-can-i-watch-it/config/initializers/session_store.rb": [
        null,
        null,
        1
      ],
      "/home/linux/Documents/groupProject/where-can-i-watch-it/config/initializers/wrap_parameters.rb": [
        null,
        null,
        null,
        null,
        null,
        null,
        1,
        1,
        null,
        null,
        null,
        null,
        null,
        null
      ],
      "/home/linux/Documents/groupProject/where-can-i-watch-it/config/routes.rb": [
        1,
        1,
        1,
        null,
        null,
        null,
        null,
        1,
        null,
        null,
        null,
        null,
        null,
        null,
        null,
        null,
        null,
        null,
        1,
        1,
        null,
        null,
        1,
        null,
        1,
        1,
        null,
        1,
        null,
        null,
        null,
        null,
        null,
        null,
        null,
        null,
        null,
        null,
        null,
        null,
        null,
        null,
        null,
        null,
        null,
        null,
        null,
        null,
        null,
        null,
        null,
        null,
        null,
        null,
        null,
        null,
        null,
        null,
        null,
        null,
        null,
        null,
        null,
        null,
        null,
        null,
        null,
        null,
        null
      ],
      "/home/linux/Documents/groupProject/where-can-i-watch-it/app/models/admin.rb": [
        1,
        null,
        null,
        1,
        null,
        null
      ],
      "/home/linux/Documents/groupProject/where-can-i-watch-it/app/models/user.rb": [
        1,
        null,
        null,
        1,
        null,
        null,
        1,
        1,
        null
      ],
      "/home/linux/Documents/groupProject/where-can-i-watch-it/app/helpers/application_helper.rb": [
        1,
        1,
        0,
        null,
        null
      ],
      "/home/linux/Documents/groupProject/where-can-i-watch-it/app/helpers/comments_helper.rb": [
        1,
        null
      ],
      "/home/linux/Documents/groupProject/where-can-i-watch-it/app/helpers/movies_helper.rb": [
        1,
        null,
        1,
        0,
        null,
        null
      ],
      "/home/linux/Documents/groupProject/where-can-i-watch-it/app/controllers/comments_controller.rb": [
        1,
        1,
        0,
        0,
        0,
        null,
        0,
        null,
        0,
        null,
        null,
        1,
        0,
        null,
        null,
        1,
        0,
        0,
        0,
        0,
        0,
        null,
        null
      ],
      "/home/linux/Documents/groupProject/where-can-i-watch-it/app/controllers/application_controller.rb": [
        1,
        null,
        null,
        1,
        null
      ],
      "/home/linux/Documents/groupProject/where-can-i-watch-it/spec/controllers/favorite_movies_controller_spec.rb": [
        1,
        null,
        1,
        null,
        null
      ],
      "/home/linux/Documents/groupProject/where-can-i-watch-it/app/controllers/favorite_movies_controller.rb": [
        1,
        null,
        null,
        1,
        0,
        0,
        0,
        0,
        0,
        null,
        0,
        null,
        null,
        null,
        1,
        0,
        0,
        0,
        0,
        0,
        null,
        null,
        1,
        null,
        0,
        0,
        null,
        null,
        0,
        null,
        null,
        null
      ],
      "/home/linux/Documents/groupProject/where-can-i-watch-it/spec/helpers/comments_helper_spec.rb": [
        1,
        null,
        null,
        null,
        null,
        null,
        null,
        null,
        null,
        null,
        null,
        null,
        1,
        1,
        null
      ],
      "/home/linux/Documents/groupProject/where-can-i-watch-it/spec/models/admin_spec.rb": [
        1,
        null,
        1,
        1,
        null
      ],
      "/home/linux/Documents/groupProject/where-can-i-watch-it/spec/models/comment_spec.rb": [
        1,
        null,
        1,
        1,
        1,
        1,
        null,
        null,
        null,
        null
      ],
      "/home/linux/Documents/groupProject/where-can-i-watch-it/app/models/comment.rb": [
        1,
        1,
        1,
        1,
        null
      ],
      "/home/linux/Documents/groupProject/where-can-i-watch-it/spec/models/favorite_spec.rb": [
        1,
        null,
        1,
        1,
        null
      ],
      "/home/linux/Documents/groupProject/where-can-i-watch-it/app/models/favorite.rb": [
        1,
        1,
        1,
        null
      ],
      "/home/linux/Documents/groupProject/where-can-i-watch-it/spec/models/user_spec.rb": [
        1,
        null,
        1,
        1,
        null
      ]
    },
    "timestamp": 1557097539
  }
}
